Detecting C [-std=c11] compiler features failed to compile with the following output:
Change Dir: C:/Users/allen/OneDrive/Documents/GitHub/Code/Problems/#582Div3/cmake-build-debug/CMakeFiles/CMakeTmp

Run Build Command(s):C:/MinGW/bin/mingw32-make.exe cmTC_ad540/fast 
C:/MinGW/bin/mingw32-make.exe -f CMakeFiles\cmTC_ad540.dir\build.make CMakeFiles/cmTC_ad540.dir/build
mingw32-make.exe[1]: Entering directory 'C:/Users/allen/OneDrive/Documents/GitHub/Code/Problems/#582Div3/cmake-build-debug/CMakeFiles/CMakeTmp'
mingw32-make.exe[1]: Leaving directory 'C:/Users/allen/OneDrive/Documents/GitHub/Code/Problems/#582Div3/cmake-build-debug/CMakeFiles/CMakeTmp'
mingw32-make.exe[1]: *** No rule to make target 'C:/Users/allen/OneDrive/Documents/GitHub/Code/Problems/', needed by 'CMakeFiles/cmTC_ad540.dir/feature_tests.c.obj'.  Stop.
Makefile:120: recipe for target 'cmTC_ad540/fast' failed
mingw32-make.exe: *** [cmTC_ad540/fast] Error 2



Detecting CXX [-std=c++1z] compiler features failed to compile with the following output:
Change Dir: C:/Users/allen/OneDrive/Documents/GitHub/Code/Problems/#582Div3/cmake-build-debug/CMakeFiles/CMakeTmp

Run Build Command(s):C:/MinGW/bin/mingw32-make.exe cmTC_81712/fast 
C:/MinGW/bin/mingw32-make.exe -f CMakeFiles\cmTC_81712.dir\build.make CMakeFiles/cmTC_81712.dir/build
mingw32-make.exe[1]: Entering directory 'C:/Users/allen/OneDrive/Documents/GitHub/Code/Problems/#582Div3/cmake-build-debug/CMakeFiles/CMakeTmp'
mingw32-make.exe[1]: Leaving directory 'C:/Users/allen/OneDrive/Documents/GitHub/Code/Problems/#582Div3/cmake-build-debug/CMakeFiles/CMakeTmp'
mingw32-make.exe[1]: *** No rule to make target 'C:/Users/allen/OneDrive/Documents/GitHub/Code/Problems/', needed by 'CMakeFiles/cmTC_81712.dir/feature_tests.cxx.obj'.  Stop.
Makefile:120: recipe for target 'cmTC_81712/fast' failed
mingw32-make.exe: *** [cmTC_81712/fast] Error 2



