Detecting C [-std=c11] compiler features failed to compile with the following output:
Change Dir: /Users/allen/Documents/GitHub/Code/Problems/COCI/COCI '15 Contest 3 #5 Nekameleoni/cmake-build-debug/CMakeFiles/CMakeTmp

Run Build Command(s):/usr/bin/make cmTC_06d8f/fast 
/Library/Developer/CommandLineTools/usr/bin/make -f CMakeFiles/cmTC_06d8f.dir/build.make CMakeFiles/cmTC_06d8f.dir/build
make[1]: *** No rule to make target `/Users/allen/Documents/GitHub/Code/Problems/COCI/COCI '15 Contest 3\', needed by `CMakeFiles/cmTC_06d8f.dir/feature_tests.c.o'.  Stop.
make: *** [cmTC_06d8f/fast] Error 2



Detecting CXX [-std=c++1z] compiler features failed to compile with the following output:
Change Dir: /Users/allen/Documents/GitHub/Code/Problems/COCI/COCI '15 Contest 3 #5 Nekameleoni/cmake-build-debug/CMakeFiles/CMakeTmp

Run Build Command(s):/usr/bin/make cmTC_209e0/fast 
/Library/Developer/CommandLineTools/usr/bin/make -f CMakeFiles/cmTC_209e0.dir/build.make CMakeFiles/cmTC_209e0.dir/build
make[1]: *** No rule to make target `/Users/allen/Documents/GitHub/Code/Problems/COCI/COCI '15 Contest 3\', needed by `CMakeFiles/cmTC_209e0.dir/feature_tests.cxx.o'.  Stop.
make: *** [cmTC_209e0/fast] Error 2



Detecting C [-std=c11] compiler features failed to compile with the following output:
Change Dir: /Users/allen/Documents/GitHub/Code/Problems/COCI/COCI '15 Contest 3 #5 Nekameleoni/cmake-build-debug/CMakeFiles/CMakeTmp

Run Build Command(s):/usr/bin/make cmTC_83af7/fast 
/Library/Developer/CommandLineTools/usr/bin/make -f CMakeFiles/cmTC_83af7.dir/build.make CMakeFiles/cmTC_83af7.dir/build
make[1]: *** No rule to make target `/Users/allen/Documents/GitHub/Code/Problems/COCI/COCI '15 Contest 3\', needed by `CMakeFiles/cmTC_83af7.dir/feature_tests.c.o'.  Stop.
make: *** [cmTC_83af7/fast] Error 2



Detecting CXX [-std=c++1z] compiler features failed to compile with the following output:
Change Dir: /Users/allen/Documents/GitHub/Code/Problems/COCI/COCI '15 Contest 3 #5 Nekameleoni/cmake-build-debug/CMakeFiles/CMakeTmp

Run Build Command(s):/usr/bin/make cmTC_f239d/fast 
/Library/Developer/CommandLineTools/usr/bin/make -f CMakeFiles/cmTC_f239d.dir/build.make CMakeFiles/cmTC_f239d.dir/build
make[1]: *** No rule to make target `/Users/allen/Documents/GitHub/Code/Problems/COCI/COCI '15 Contest 3\', needed by `CMakeFiles/cmTC_f239d.dir/feature_tests.cxx.o'.  Stop.
make: *** [cmTC_f239d/fast] Error 2



