Detecting C [-std=c11] compiler features failed to compile with the following output:
Change Dir: C:/Users/allen/OneDrive/Documents/GitHub/Code/Problems/MCPT/Testing Contest #1P3/cmake-build-debug/CMakeFiles/CMakeTmp

Run Build Command(s):C:/MinGW/bin/mingw32-make.exe cmTC_53f45/fast 
C:/MinGW/bin/mingw32-make.exe -f CMakeFiles\cmTC_53f45.dir\build.make CMakeFiles/cmTC_53f45.dir/build
mingw32-make.exe[1]: Entering directory 'C:/Users/allen/OneDrive/Documents/GitHub/Code/Problems/MCPT/Testing Contest #1P3/cmake-build-debug/CMakeFiles/CMakeTmp'
mingw32-make.exe[1]: Leaving directory 'C:/Users/allen/OneDrive/Documents/GitHub/Code/Problems/MCPT/Testing Contest #1P3/cmake-build-debug/CMakeFiles/CMakeTmp'
mingw32-make.exe[1]: *** No rule to make target 'C:/Users/allen/OneDrive/Documents/GitHub/Code/Problems/MCPT/Testing Contest\', needed by 'CMakeFiles/cmTC_53f45.dir/feature_tests.c.obj'.  Stop.
Makefile:120: recipe for target 'cmTC_53f45/fast' failed
mingw32-make.exe: *** [cmTC_53f45/fast] Error 2



Detecting CXX [-std=c++1z] compiler features failed to compile with the following output:
Change Dir: C:/Users/allen/OneDrive/Documents/GitHub/Code/Problems/MCPT/Testing Contest #1P3/cmake-build-debug/CMakeFiles/CMakeTmp

Run Build Command(s):C:/MinGW/bin/mingw32-make.exe cmTC_e232f/fast 
C:/MinGW/bin/mingw32-make.exe -f CMakeFiles\cmTC_e232f.dir\build.make CMakeFiles/cmTC_e232f.dir/build
mingw32-make.exe[1]: Entering directory 'C:/Users/allen/OneDrive/Documents/GitHub/Code/Problems/MCPT/Testing Contest #1P3/cmake-build-debug/CMakeFiles/CMakeTmp'
mingw32-make.exe[1]: Leaving directory 'C:/Users/allen/OneDrive/Documents/GitHub/Code/Problems/MCPT/Testing Contest #1P3/cmake-build-debug/CMakeFiles/CMakeTmp'
mingw32-make.exe[1]: *** No rule to make target 'C:/Users/allen/OneDrive/Documents/GitHub/Code/Problems/MCPT/Testing Contest\', needed by 'CMakeFiles/cmTC_e232f.dir/feature_tests.cxx.obj'.  Stop.
Makefile:120: recipe for target 'cmTC_e232f/fast' failed
mingw32-make.exe: *** [cmTC_e232f/fast] Error 2



