Detecting C [-std=c11] compiler features failed to compile with the following output:
Change Dir: C:/Users/allen/CLionProjects/DWITE '11 R1 #2 - Penny Game/cmake-build-debug/CMakeFiles/CMakeTmp

Run Build Command(s):C:/MinGW/bin/mingw32-make.exe cmTC_0a131/fast 
C:/MinGW/bin/mingw32-make.exe -f CMakeFiles\cmTC_0a131.dir\build.make CMakeFiles/cmTC_0a131.dir/build
mingw32-make.exe[1]: Entering directory 'C:/Users/allen/CLionProjects/DWITE '11 R1 #2 - Penny Game/cmake-build-debug/CMakeFiles/CMakeTmp'
mingw32-make.exe[1]: Leaving directory 'C:/Users/allen/CLionProjects/DWITE '11 R1 #2 - Penny Game/cmake-build-debug/CMakeFiles/CMakeTmp'
mingw32-make.exe[1]: *** No rule to make target 'C:/Users/allen/CLionProjects/DWITE '11 R1\', needed by 'CMakeFiles/cmTC_0a131.dir/feature_tests.c.obj'.  Stop.
Makefile:120: recipe for target 'cmTC_0a131/fast' failed
mingw32-make.exe: *** [cmTC_0a131/fast] Error 2



Detecting CXX [-std=c++1z] compiler features failed to compile with the following output:
Change Dir: C:/Users/allen/CLionProjects/DWITE '11 R1 #2 - Penny Game/cmake-build-debug/CMakeFiles/CMakeTmp

Run Build Command(s):C:/MinGW/bin/mingw32-make.exe cmTC_93e74/fast 
C:/MinGW/bin/mingw32-make.exe -f CMakeFiles\cmTC_93e74.dir\build.make CMakeFiles/cmTC_93e74.dir/build
mingw32-make.exe[1]: Entering directory 'C:/Users/allen/CLionProjects/DWITE '11 R1 #2 - Penny Game/cmake-build-debug/CMakeFiles/CMakeTmp'
mingw32-make.exe[1]: Leaving directory 'C:/Users/allen/CLionProjects/DWITE '11 R1 #2 - Penny Game/cmake-build-debug/CMakeFiles/CMakeTmp'
mingw32-make.exe[1]: *** No rule to make target 'C:/Users/allen/CLionProjects/DWITE '11 R1\', needed by 'CMakeFiles/cmTC_93e74.dir/feature_tests.cxx.obj'.  Stop.
Makefile:120: recipe for target 'cmTC_93e74/fast' failed
mingw32-make.exe: *** [cmTC_93e74/fast] Error 2



