Detecting C [-std=c11] compiler features failed to compile with the following output:
Change Dir: C:/Users/allen/Documents/Code/Problems/COCI/COCI '18 Contest 5 #4 Parametriziran/cmake-build-debug/CMakeFiles/CMakeTmp

Run Build Command(s):C:/PROGRA~2/MINGW-~1/I686-8~1.0-P/mingw32/bin/mingw32-make.exe cmTC_fb63f/fast 
C:/PROGRA~2/MINGW-~1/I686-8~1.0-P/mingw32/bin/mingw32-make.exe -f CMakeFiles\cmTC_fb63f.dir\build.make CMakeFiles/cmTC_fb63f.dir/build
mingw32-make.exe[1]: Entering directory 'C:/Users/allen/Documents/Code/Problems/COCI/COCI '18 Contest 5 #4 Parametriziran/cmake-build-debug/CMakeFiles/CMakeTmp'
mingw32-make.exe[1]: *** No rule to make target 'C:/Users/allen/Documents/Code/Problems/COCI/COCI '18 Contest 5\', needed by 'CMakeFiles/cmTC_fb63f.dir/feature_tests.c.obj'.  Stop.
mingw32-make.exe[1]: Leaving directory 'C:/Users/allen/Documents/Code/Problems/COCI/COCI '18 Contest 5 #4 Parametriziran/cmake-build-debug/CMakeFiles/CMakeTmp'
mingw32-make.exe: *** [Makefile:120: cmTC_fb63f/fast] Error 2



Detecting CXX [-std=c++2a] compiler features failed to compile with the following output:
Change Dir: C:/Users/allen/Documents/Code/Problems/COCI/COCI '18 Contest 5 #4 Parametriziran/cmake-build-debug/CMakeFiles/CMakeTmp

Run Build Command(s):C:/PROGRA~2/MINGW-~1/I686-8~1.0-P/mingw32/bin/mingw32-make.exe cmTC_e03b6/fast 
C:/PROGRA~2/MINGW-~1/I686-8~1.0-P/mingw32/bin/mingw32-make.exe -f CMakeFiles\cmTC_e03b6.dir\build.make CMakeFiles/cmTC_e03b6.dir/build
mingw32-make.exe[1]: Entering directory 'C:/Users/allen/Documents/Code/Problems/COCI/COCI '18 Contest 5 #4 Parametriziran/cmake-build-debug/CMakeFiles/CMakeTmp'
mingw32-make.exe[1]: *** No rule to make target 'C:/Users/allen/Documents/Code/Problems/COCI/COCI '18 Contest 5\', needed by 'CMakeFiles/cmTC_e03b6.dir/feature_tests.cxx.obj'.  Stop.
mingw32-make.exe[1]: Leaving directory 'C:/Users/allen/Documents/Code/Problems/COCI/COCI '18 Contest 5 #4 Parametriziran/cmake-build-debug/CMakeFiles/CMakeTmp'
mingw32-make.exe: *** [Makefile:120: cmTC_e03b6/fast] Error 2



