Detecting C [-std=c11] compiler features failed to compile with the following output:
Change Dir: C:/Users/allen/CLionProjects/Div 2#576/cmake-build-debug/CMakeFiles/CMakeTmp

Run Build Command(s):C:/PROGRA~2/MINGW-~1/I686-8~1.0-P/mingw32/bin/mingw32-make.exe cmTC_96fbb/fast 
C:/PROGRA~2/MINGW-~1/I686-8~1.0-P/mingw32/bin/mingw32-make.exe -f CMakeFiles\cmTC_96fbb.dir\build.make CMakeFiles/cmTC_96fbb.dir/build
mingw32-make.exe[1]: Entering directory 'C:/Users/allen/CLionProjects/Div 2#576/cmake-build-debug/CMakeFiles/CMakeTmp'
mingw32-make.exe[1]: *** No rule to make target 'C:/Users/allen/CLionProjects/Div 2', needed by 'CMakeFiles/cmTC_96fbb.dir/feature_tests.c.obj'.  Stop.
mingw32-make.exe[1]: Leaving directory 'C:/Users/allen/CLionProjects/Div 2#576/cmake-build-debug/CMakeFiles/CMakeTmp'
mingw32-make.exe: *** [Makefile:120: cmTC_96fbb/fast] Error 2



Detecting CXX [-std=c++2a] compiler features failed to compile with the following output:
Change Dir: C:/Users/allen/CLionProjects/Div 2#576/cmake-build-debug/CMakeFiles/CMakeTmp

Run Build Command(s):C:/PROGRA~2/MINGW-~1/I686-8~1.0-P/mingw32/bin/mingw32-make.exe cmTC_21518/fast 
C:/PROGRA~2/MINGW-~1/I686-8~1.0-P/mingw32/bin/mingw32-make.exe -f CMakeFiles\cmTC_21518.dir\build.make CMakeFiles/cmTC_21518.dir/build
mingw32-make.exe[1]: Entering directory 'C:/Users/allen/CLionProjects/Div 2#576/cmake-build-debug/CMakeFiles/CMakeTmp'
mingw32-make.exe[1]: *** No rule to make target 'C:/Users/allen/CLionProjects/Div 2', needed by 'CMakeFiles/cmTC_21518.dir/feature_tests.cxx.obj'.  Stop.
mingw32-make.exe[1]: Leaving directory 'C:/Users/allen/CLionProjects/Div 2#576/cmake-build-debug/CMakeFiles/CMakeTmp'
mingw32-make.exe: *** [Makefile:120: cmTC_21518/fast] Error 2



