Detecting C [-std=c11] compiler features failed to compile with the following output:
Change Dir: C:/Users/allen/CLionProjects/COCI '06 Contest 3 #5 Bicikli/cmake-build-debug/CMakeFiles/CMakeTmp

Run Build Command(s):C:/MinGW/bin/mingw32-make.exe cmTC_56371/fast 
C:/MinGW/bin/mingw32-make.exe -f CMakeFiles\cmTC_56371.dir\build.make CMakeFiles/cmTC_56371.dir/build
mingw32-make.exe[1]: Entering directory 'C:/Users/allen/CLionProjects/COCI '06 Contest 3 #5 Bicikli/cmake-build-debug/CMakeFiles/CMakeTmp'
mingw32-make.exe[1]: Leaving directory 'C:/Users/allen/CLionProjects/COCI '06 Contest 3 #5 Bicikli/cmake-build-debug/CMakeFiles/CMakeTmp'
mingw32-make.exe[1]: *** No rule to make target 'C:/Users/allen/CLionProjects/COCI '06 Contest 3\', needed by 'CMakeFiles/cmTC_56371.dir/feature_tests.c.obj'.  Stop.
Makefile:120: recipe for target 'cmTC_56371/fast' failed
mingw32-make.exe: *** [cmTC_56371/fast] Error 2



Detecting CXX [-std=c++1z] compiler features failed to compile with the following output:
Change Dir: C:/Users/allen/CLionProjects/COCI '06 Contest 3 #5 Bicikli/cmake-build-debug/CMakeFiles/CMakeTmp

Run Build Command(s):C:/MinGW/bin/mingw32-make.exe cmTC_0e3dd/fast 
C:/MinGW/bin/mingw32-make.exe -f CMakeFiles\cmTC_0e3dd.dir\build.make CMakeFiles/cmTC_0e3dd.dir/build
mingw32-make.exe[1]: Entering directory 'C:/Users/allen/CLionProjects/COCI '06 Contest 3 #5 Bicikli/cmake-build-debug/CMakeFiles/CMakeTmp'
mingw32-make.exe[1]: Leaving directory 'C:/Users/allen/CLionProjects/COCI '06 Contest 3 #5 Bicikli/cmake-build-debug/CMakeFiles/CMakeTmp'
mingw32-make.exe[1]: *** No rule to make target 'C:/Users/allen/CLionProjects/COCI '06 Contest 3\', needed by 'CMakeFiles/cmTC_0e3dd.dir/feature_tests.cxx.obj'.  Stop.
Makefile:120: recipe for target 'cmTC_0e3dd/fast' failed
mingw32-make.exe: *** [cmTC_0e3dd/fast] Error 2



