Detecting C [-std=c11] compiler features failed to compile with the following output:
Change Dir: /Users/allen/Documents/GitHub/Code/Problems/COCI/COCI '13 Contest 2 #4 Putnik/cmake-build-debug/CMakeFiles/CMakeTmp

Run Build Command(s):/usr/bin/make cmTC_cfb92/fast 
/Library/Developer/CommandLineTools/usr/bin/make -f CMakeFiles/cmTC_cfb92.dir/build.make CMakeFiles/cmTC_cfb92.dir/build
make[1]: *** No rule to make target `/Users/allen/Documents/GitHub/Code/Problems/COCI/COCI '13 Contest 2\', needed by `CMakeFiles/cmTC_cfb92.dir/feature_tests.c.o'.  Stop.
make: *** [cmTC_cfb92/fast] Error 2



Detecting CXX [-std=c++1z] compiler features failed to compile with the following output:
Change Dir: /Users/allen/Documents/GitHub/Code/Problems/COCI/COCI '13 Contest 2 #4 Putnik/cmake-build-debug/CMakeFiles/CMakeTmp

Run Build Command(s):/usr/bin/make cmTC_ed449/fast 
/Library/Developer/CommandLineTools/usr/bin/make -f CMakeFiles/cmTC_ed449.dir/build.make CMakeFiles/cmTC_ed449.dir/build
make[1]: *** No rule to make target `/Users/allen/Documents/GitHub/Code/Problems/COCI/COCI '13 Contest 2\', needed by `CMakeFiles/cmTC_ed449.dir/feature_tests.cxx.o'.  Stop.
make: *** [cmTC_ed449/fast] Error 2



