Detecting C [-std=c11] compiler features failed to compile with the following output:
Change Dir: /Users/allen/Documents/GitHub/Code/Problems/COCI/COCI '16 Contest 1 #3 Cezar/cmake-build-debug/CMakeFiles/CMakeTmp

Run Build Command(s):/usr/bin/make cmTC_d75f4/fast 
/Library/Developer/CommandLineTools/usr/bin/make -f CMakeFiles/cmTC_d75f4.dir/build.make CMakeFiles/cmTC_d75f4.dir/build
make[1]: *** No rule to make target `/Users/allen/Documents/GitHub/Code/Problems/COCI/COCI '16 Contest 1\', needed by `CMakeFiles/cmTC_d75f4.dir/feature_tests.c.o'.  Stop.
make: *** [cmTC_d75f4/fast] Error 2



Detecting CXX [-std=c++1z] compiler features failed to compile with the following output:
Change Dir: /Users/allen/Documents/GitHub/Code/Problems/COCI/COCI '16 Contest 1 #3 Cezar/cmake-build-debug/CMakeFiles/CMakeTmp

Run Build Command(s):/usr/bin/make cmTC_5031e/fast 
/Library/Developer/CommandLineTools/usr/bin/make -f CMakeFiles/cmTC_5031e.dir/build.make CMakeFiles/cmTC_5031e.dir/build
make[1]: *** No rule to make target `/Users/allen/Documents/GitHub/Code/Problems/COCI/COCI '16 Contest 1\', needed by `CMakeFiles/cmTC_5031e.dir/feature_tests.cxx.o'.  Stop.
make: *** [cmTC_5031e/fast] Error 2



