Detecting C [-std=c11] compiler features failed to compile with the following output:
Change Dir: C:/Users/allen/OneDrive/Documents/GitHub/Code/Problems/Codeforces/Edu#83/cmake-build-debug/CMakeFiles/CMakeTmp

Run Build Command(s):C:/MinGW/bin/mingw32-make.exe cmTC_458b2/fast 
C:/MinGW/bin/mingw32-make.exe -f CMakeFiles\cmTC_458b2.dir\build.make CMakeFiles/cmTC_458b2.dir/build
mingw32-make.exe[1]: Entering directory 'C:/Users/allen/OneDrive/Documents/GitHub/Code/Problems/Codeforces/Edu#83/cmake-build-debug/CMakeFiles/CMakeTmp'
mingw32-make.exe[1]: Leaving directory 'C:/Users/allen/OneDrive/Documents/GitHub/Code/Problems/Codeforces/Edu#83/cmake-build-debug/CMakeFiles/CMakeTmp'
mingw32-make.exe[1]: *** No rule to make target 'C:/Users/allen/OneDrive/Documents/GitHub/Code/Problems/Codeforces/Edu', needed by 'CMakeFiles/cmTC_458b2.dir/feature_tests.c.obj'.  Stop.
Makefile:120: recipe for target 'cmTC_458b2/fast' failed
mingw32-make.exe: *** [cmTC_458b2/fast] Error 2



Detecting CXX [-std=c++1z] compiler features failed to compile with the following output:
Change Dir: C:/Users/allen/OneDrive/Documents/GitHub/Code/Problems/Codeforces/Edu#83/cmake-build-debug/CMakeFiles/CMakeTmp

Run Build Command(s):C:/MinGW/bin/mingw32-make.exe cmTC_37132/fast 
C:/MinGW/bin/mingw32-make.exe -f CMakeFiles\cmTC_37132.dir\build.make CMakeFiles/cmTC_37132.dir/build
mingw32-make.exe[1]: Entering directory 'C:/Users/allen/OneDrive/Documents/GitHub/Code/Problems/Codeforces/Edu#83/cmake-build-debug/CMakeFiles/CMakeTmp'
mingw32-make.exe[1]: Leaving directory 'C:/Users/allen/OneDrive/Documents/GitHub/Code/Problems/Codeforces/Edu#83/cmake-build-debug/CMakeFiles/CMakeTmp'
mingw32-make.exe[1]: *** No rule to make target 'C:/Users/allen/OneDrive/Documents/GitHub/Code/Problems/Codeforces/Edu', needed by 'CMakeFiles/cmTC_37132.dir/feature_tests.cxx.obj'.  Stop.
Makefile:120: recipe for target 'cmTC_37132/fast' failed
mingw32-make.exe: *** [cmTC_37132/fast] Error 2



