Detecting C [-std=c11] compiler features failed to compile with the following output:
Change Dir: C:/Users/allen/OneDrive/Documents/GitHub/Code/Problems/Codeforces/#637Div1/cmake-build-debug/CMakeFiles/CMakeTmp

Run Build Command(s):C:/MinGW/bin/mingw32-make.exe cmTC_b3676/fast 
C:/MinGW/bin/mingw32-make.exe -f CMakeFiles\cmTC_b3676.dir\build.make CMakeFiles/cmTC_b3676.dir/build
mingw32-make.exe[1]: Entering directory 'C:/Users/allen/OneDrive/Documents/GitHub/Code/Problems/Codeforces/#637Div1/cmake-build-debug/CMakeFiles/CMakeTmp'
mingw32-make.exe[1]: Leaving directory 'C:/Users/allen/OneDrive/Documents/GitHub/Code/Problems/Codeforces/#637Div1/cmake-build-debug/CMakeFiles/CMakeTmp'
mingw32-make.exe[1]: *** No rule to make target 'C:/Users/allen/OneDrive/Documents/GitHub/Code/Problems/Codeforces/', needed by 'CMakeFiles/cmTC_b3676.dir/feature_tests.c.obj'.  Stop.
Makefile:120: recipe for target 'cmTC_b3676/fast' failed
mingw32-make.exe: *** [cmTC_b3676/fast] Error 2



Detecting CXX [-std=c++1z] compiler features failed to compile with the following output:
Change Dir: C:/Users/allen/OneDrive/Documents/GitHub/Code/Problems/Codeforces/#637Div1/cmake-build-debug/CMakeFiles/CMakeTmp

Run Build Command(s):C:/MinGW/bin/mingw32-make.exe cmTC_f10ae/fast 
C:/MinGW/bin/mingw32-make.exe -f CMakeFiles\cmTC_f10ae.dir\build.make CMakeFiles/cmTC_f10ae.dir/build
mingw32-make.exe[1]: Entering directory 'C:/Users/allen/OneDrive/Documents/GitHub/Code/Problems/Codeforces/#637Div1/cmake-build-debug/CMakeFiles/CMakeTmp'
mingw32-make.exe[1]: Leaving directory 'C:/Users/allen/OneDrive/Documents/GitHub/Code/Problems/Codeforces/#637Div1/cmake-build-debug/CMakeFiles/CMakeTmp'
mingw32-make.exe[1]: *** No rule to make target 'C:/Users/allen/OneDrive/Documents/GitHub/Code/Problems/Codeforces/', needed by 'CMakeFiles/cmTC_f10ae.dir/feature_tests.cxx.obj'.  Stop.
Makefile:120: recipe for target 'cmTC_f10ae/fast' failed
mingw32-make.exe: *** [cmTC_f10ae/fast] Error 2



