Detecting C [-std=c11] compiler features failed to compile with the following output:
Change Dir: C:/Users/allen/OneDrive/Documents/GitHub/Code/Problems/COCI/COCI '19 Contest 3 #5 Sob/cmake-build-debug/CMakeFiles/CMakeTmp

Run Build Command(s):C:/MinGW/bin/mingw32-make.exe cmTC_c651b/fast 
C:/MinGW/bin/mingw32-make.exe -f CMakeFiles\cmTC_c651b.dir\build.make CMakeFiles/cmTC_c651b.dir/build
mingw32-make.exe[1]: Entering directory 'C:/Users/allen/OneDrive/Documents/GitHub/Code/Problems/COCI/COCI '19 Contest 3 #5 Sob/cmake-build-debug/CMakeFiles/CMakeTmp'
mingw32-make.exe[1]: Leaving directory 'C:/Users/allen/OneDrive/Documents/GitHub/Code/Problems/COCI/COCI '19 Contest 3 #5 Sob/cmake-build-debug/CMakeFiles/CMakeTmp'
mingw32-make.exe[1]: *** No rule to make target 'C:/Users/allen/OneDrive/Documents/GitHub/Code/Problems/COCI/COCI '19 Contest 3\', needed by 'CMakeFiles/cmTC_c651b.dir/feature_tests.c.obj'.  Stop.
Makefile:120: recipe for target 'cmTC_c651b/fast' failed
mingw32-make.exe: *** [cmTC_c651b/fast] Error 2



Detecting CXX [-std=c++1z] compiler features failed to compile with the following output:
Change Dir: C:/Users/allen/OneDrive/Documents/GitHub/Code/Problems/COCI/COCI '19 Contest 3 #5 Sob/cmake-build-debug/CMakeFiles/CMakeTmp

Run Build Command(s):C:/MinGW/bin/mingw32-make.exe cmTC_d99aa/fast 
C:/MinGW/bin/mingw32-make.exe -f CMakeFiles\cmTC_d99aa.dir\build.make CMakeFiles/cmTC_d99aa.dir/build
mingw32-make.exe[1]: Entering directory 'C:/Users/allen/OneDrive/Documents/GitHub/Code/Problems/COCI/COCI '19 Contest 3 #5 Sob/cmake-build-debug/CMakeFiles/CMakeTmp'
mingw32-make.exe[1]: Leaving directory 'C:/Users/allen/OneDrive/Documents/GitHub/Code/Problems/COCI/COCI '19 Contest 3 #5 Sob/cmake-build-debug/CMakeFiles/CMakeTmp'
mingw32-make.exe[1]: *** No rule to make target 'C:/Users/allen/OneDrive/Documents/GitHub/Code/Problems/COCI/COCI '19 Contest 3\', needed by 'CMakeFiles/cmTC_d99aa.dir/feature_tests.cxx.obj'.  Stop.
Makefile:120: recipe for target 'cmTC_d99aa/fast' failed
mingw32-make.exe: *** [cmTC_d99aa/fast] Error 2



