Detecting C [-std=c11] compiler features failed to compile with the following output:
Change Dir: /Users/allen/Documents/GitHub/Code/Problems/COCI/COCI '08 Contest 5 #4 Lubenica/cmake-build-debug/CMakeFiles/CMakeTmp

Run Build Command(s):/usr/bin/make cmTC_2a28b/fast 
/Library/Developer/CommandLineTools/usr/bin/make -f CMakeFiles/cmTC_2a28b.dir/build.make CMakeFiles/cmTC_2a28b.dir/build
make[1]: *** No rule to make target `/Users/allen/Documents/GitHub/Code/Problems/COCI/COCI '08 Contest 5\', needed by `CMakeFiles/cmTC_2a28b.dir/feature_tests.c.o'.  Stop.
make: *** [cmTC_2a28b/fast] Error 2



Detecting CXX [-std=c++1z] compiler features failed to compile with the following output:
Change Dir: /Users/allen/Documents/GitHub/Code/Problems/COCI/COCI '08 Contest 5 #4 Lubenica/cmake-build-debug/CMakeFiles/CMakeTmp

Run Build Command(s):/usr/bin/make cmTC_b5c99/fast 
/Library/Developer/CommandLineTools/usr/bin/make -f CMakeFiles/cmTC_b5c99.dir/build.make CMakeFiles/cmTC_b5c99.dir/build
make[1]: *** No rule to make target `/Users/allen/Documents/GitHub/Code/Problems/COCI/COCI '08 Contest 5\', needed by `CMakeFiles/cmTC_b5c99.dir/feature_tests.cxx.o'.  Stop.
make: *** [cmTC_b5c99/fast] Error 2



