Detecting C [-std=c11] compiler features failed to compile with the following output:
Change Dir: C:/Users/allen/CLionProjects/#569Div2/cmake-build-debug/CMakeFiles/CMakeTmp

Run Build Command(s):C:/PROGRA~2/MINGW-~1/I686-8~1.0-P/mingw32/bin/mingw32-make.exe cmTC_5b154/fast 
C:/PROGRA~2/MINGW-~1/I686-8~1.0-P/mingw32/bin/mingw32-make.exe -f CMakeFiles\cmTC_5b154.dir\build.make CMakeFiles/cmTC_5b154.dir/build
mingw32-make.exe[1]: Entering directory 'C:/Users/allen/CLionProjects/#569Div2/cmake-build-debug/CMakeFiles/CMakeTmp'
mingw32-make.exe[1]: *** No rule to make target 'C:/Users/allen/CLionProjects/', needed by 'CMakeFiles/cmTC_5b154.dir/feature_tests.c.obj'.  Stop.
mingw32-make.exe[1]: Leaving directory 'C:/Users/allen/CLionProjects/#569Div2/cmake-build-debug/CMakeFiles/CMakeTmp'
mingw32-make.exe: *** [Makefile:120: cmTC_5b154/fast] Error 2



Detecting CXX [-std=c++2a] compiler features failed to compile with the following output:
Change Dir: C:/Users/allen/CLionProjects/#569Div2/cmake-build-debug/CMakeFiles/CMakeTmp

Run Build Command(s):C:/PROGRA~2/MINGW-~1/I686-8~1.0-P/mingw32/bin/mingw32-make.exe cmTC_7d6f4/fast 
C:/PROGRA~2/MINGW-~1/I686-8~1.0-P/mingw32/bin/mingw32-make.exe -f CMakeFiles\cmTC_7d6f4.dir\build.make CMakeFiles/cmTC_7d6f4.dir/build
mingw32-make.exe[1]: Entering directory 'C:/Users/allen/CLionProjects/#569Div2/cmake-build-debug/CMakeFiles/CMakeTmp'
mingw32-make.exe[1]: *** No rule to make target 'C:/Users/allen/CLionProjects/', needed by 'CMakeFiles/cmTC_7d6f4.dir/feature_tests.cxx.obj'.  Stop.
mingw32-make.exe[1]: Leaving directory 'C:/Users/allen/CLionProjects/#569Div2/cmake-build-debug/CMakeFiles/CMakeTmp'
mingw32-make.exe: *** [Makefile:120: cmTC_7d6f4/fast] Error 2



