Detecting C [-std=c11] compiler features failed to compile with the following output:
Change Dir: C:/Users/allen/OneDrive/Documents/GitHub/Code/Problems/COCI/COCI '15 Contest 6 #4 Parovi/cmake-build-debug/CMakeFiles/CMakeTmp

Run Build Command(s):C:/MinGW/bin/mingw32-make.exe cmTC_1b09b/fast 
C:/MinGW/bin/mingw32-make.exe -f CMakeFiles\cmTC_1b09b.dir\build.make CMakeFiles/cmTC_1b09b.dir/build
mingw32-make.exe[1]: Entering directory 'C:/Users/allen/OneDrive/Documents/GitHub/Code/Problems/COCI/COCI '15 Contest 6 #4 Parovi/cmake-build-debug/CMakeFiles/CMakeTmp'
mingw32-make.exe[1]: Leaving directory 'C:/Users/allen/OneDrive/Documents/GitHub/Code/Problems/COCI/COCI '15 Contest 6 #4 Parovi/cmake-build-debug/CMakeFiles/CMakeTmp'
mingw32-make.exe[1]: *** No rule to make target 'C:/Users/allen/OneDrive/Documents/GitHub/Code/Problems/COCI/COCI '15 Contest 6\', needed by 'CMakeFiles/cmTC_1b09b.dir/feature_tests.c.obj'.  Stop.
Makefile:120: recipe for target 'cmTC_1b09b/fast' failed
mingw32-make.exe: *** [cmTC_1b09b/fast] Error 2



Detecting CXX [-std=c++1z] compiler features failed to compile with the following output:
Change Dir: C:/Users/allen/OneDrive/Documents/GitHub/Code/Problems/COCI/COCI '15 Contest 6 #4 Parovi/cmake-build-debug/CMakeFiles/CMakeTmp

Run Build Command(s):C:/MinGW/bin/mingw32-make.exe cmTC_eb116/fast 
C:/MinGW/bin/mingw32-make.exe -f CMakeFiles\cmTC_eb116.dir\build.make CMakeFiles/cmTC_eb116.dir/build
mingw32-make.exe[1]: Entering directory 'C:/Users/allen/OneDrive/Documents/GitHub/Code/Problems/COCI/COCI '15 Contest 6 #4 Parovi/cmake-build-debug/CMakeFiles/CMakeTmp'
mingw32-make.exe[1]: Leaving directory 'C:/Users/allen/OneDrive/Documents/GitHub/Code/Problems/COCI/COCI '15 Contest 6 #4 Parovi/cmake-build-debug/CMakeFiles/CMakeTmp'
mingw32-make.exe[1]: *** No rule to make target 'C:/Users/allen/OneDrive/Documents/GitHub/Code/Problems/COCI/COCI '15 Contest 6\', needed by 'CMakeFiles/cmTC_eb116.dir/feature_tests.cxx.obj'.  Stop.
Makefile:120: recipe for target 'cmTC_eb116/fast' failed
mingw32-make.exe: *** [cmTC_eb116/fast] Error 2



