Detecting C [-std=c11] compiler features failed to compile with the following output:
Change Dir: C:/Users/allen/OneDrive/Documents/GitHub/Code/Problems/COCI/COCI '18 Contest 5 #5 Transport/cmake-build-debug/CMakeFiles/CMakeTmp

Run Build Command(s):C:/MinGW/bin/mingw32-make.exe cmTC_c311f/fast 
C:/MinGW/bin/mingw32-make.exe -f CMakeFiles\cmTC_c311f.dir\build.make CMakeFiles/cmTC_c311f.dir/build
mingw32-make.exe[1]: Entering directory 'C:/Users/allen/OneDrive/Documents/GitHub/Code/Problems/COCI/COCI '18 Contest 5 #5 Transport/cmake-build-debug/CMakeFiles/CMakeTmp'
mingw32-make.exe[1]: Leaving directory 'C:/Users/allen/OneDrive/Documents/GitHub/Code/Problems/COCI/COCI '18 Contest 5 #5 Transport/cmake-build-debug/CMakeFiles/CMakeTmp'
mingw32-make.exe[1]: *** No rule to make target 'C:/Users/allen/OneDrive/Documents/GitHub/Code/Problems/COCI/COCI '18 Contest 5\', needed by 'CMakeFiles/cmTC_c311f.dir/feature_tests.c.obj'.  Stop.
Makefile:120: recipe for target 'cmTC_c311f/fast' failed
mingw32-make.exe: *** [cmTC_c311f/fast] Error 2



Detecting CXX [-std=c++1z] compiler features failed to compile with the following output:
Change Dir: C:/Users/allen/OneDrive/Documents/GitHub/Code/Problems/COCI/COCI '18 Contest 5 #5 Transport/cmake-build-debug/CMakeFiles/CMakeTmp

Run Build Command(s):C:/MinGW/bin/mingw32-make.exe cmTC_35dcf/fast 
C:/MinGW/bin/mingw32-make.exe -f CMakeFiles\cmTC_35dcf.dir\build.make CMakeFiles/cmTC_35dcf.dir/build
mingw32-make.exe[1]: Entering directory 'C:/Users/allen/OneDrive/Documents/GitHub/Code/Problems/COCI/COCI '18 Contest 5 #5 Transport/cmake-build-debug/CMakeFiles/CMakeTmp'
mingw32-make.exe[1]: Leaving directory 'C:/Users/allen/OneDrive/Documents/GitHub/Code/Problems/COCI/COCI '18 Contest 5 #5 Transport/cmake-build-debug/CMakeFiles/CMakeTmp'
mingw32-make.exe[1]: *** No rule to make target 'C:/Users/allen/OneDrive/Documents/GitHub/Code/Problems/COCI/COCI '18 Contest 5\', needed by 'CMakeFiles/cmTC_35dcf.dir/feature_tests.cxx.obj'.  Stop.
Makefile:120: recipe for target 'cmTC_35dcf/fast' failed
mingw32-make.exe: *** [cmTC_35dcf/fast] Error 2



