Detecting C [-std=c11] compiler features failed to compile with the following output:
Change Dir: C:/Users/allen/OneDrive/Documents/GitHub/Code/Problems/UTSOpen/UTS Open '15 #5 - Distribution Channel (Hard)/cmake-build-debug/CMakeFiles/CMakeTmp

Run Build Command(s):C:/MinGW/bin/mingw32-make.exe cmTC_c78e3/fast 
C:/MinGW/bin/mingw32-make.exe -f CMakeFiles\cmTC_c78e3.dir\build.make CMakeFiles/cmTC_c78e3.dir/build
mingw32-make.exe[1]: Entering directory 'C:/Users/allen/OneDrive/Documents/GitHub/Code/Problems/UTSOpen/UTS Open '15 #5 - Distribution Channel (Hard)/cmake-build-debug/CMakeFiles/CMakeTmp'
mingw32-make.exe[1]: Leaving directory 'C:/Users/allen/OneDrive/Documents/GitHub/Code/Problems/UTSOpen/UTS Open '15 #5 - Distribution Channel (Hard)/cmake-build-debug/CMakeFiles/CMakeTmp'
mingw32-make.exe[1]: *** No rule to make target 'C:/Users/allen/OneDrive/Documents/GitHub/Code/Problems/UTSOpen/UTS Open '15\', needed by 'CMakeFiles/cmTC_c78e3.dir/feature_tests.c.obj'.  Stop.
Makefile:120: recipe for target 'cmTC_c78e3/fast' failed
mingw32-make.exe: *** [cmTC_c78e3/fast] Error 2



Detecting CXX [-std=c++1z] compiler features failed to compile with the following output:
Change Dir: C:/Users/allen/OneDrive/Documents/GitHub/Code/Problems/UTSOpen/UTS Open '15 #5 - Distribution Channel (Hard)/cmake-build-debug/CMakeFiles/CMakeTmp

Run Build Command(s):C:/MinGW/bin/mingw32-make.exe cmTC_12ad4/fast 
C:/MinGW/bin/mingw32-make.exe -f CMakeFiles\cmTC_12ad4.dir\build.make CMakeFiles/cmTC_12ad4.dir/build
mingw32-make.exe[1]: Entering directory 'C:/Users/allen/OneDrive/Documents/GitHub/Code/Problems/UTSOpen/UTS Open '15 #5 - Distribution Channel (Hard)/cmake-build-debug/CMakeFiles/CMakeTmp'
mingw32-make.exe[1]: Leaving directory 'C:/Users/allen/OneDrive/Documents/GitHub/Code/Problems/UTSOpen/UTS Open '15 #5 - Distribution Channel (Hard)/cmake-build-debug/CMakeFiles/CMakeTmp'
mingw32-make.exe[1]: *** No rule to make target 'C:/Users/allen/OneDrive/Documents/GitHub/Code/Problems/UTSOpen/UTS Open '15\', needed by 'CMakeFiles/cmTC_12ad4.dir/feature_tests.cxx.obj'.  Stop.
Makefile:120: recipe for target 'cmTC_12ad4/fast' failed
mingw32-make.exe: *** [cmTC_12ad4/fast] Error 2



