Determining if the C compiler works failed with the following output:
Change Dir: C:/Users/allen/Documents/Github/Code/Problems/COCI/COCI '16 Contest 1 #6 Vještica/cmake-build-debug/CMakeFiles/CMakeTmp

Run Build Command(s):C:/PROGRA~1/MINGW-~1/X86_64~1.0-P/mingw64/bin/mingw32-make.exe cmTC_b6325/fast && C:/PROGRA~1/MINGW-~1/X86_64~1.0-P/mingw64/bin/mingw32-make.exe  -f CMakeFiles\cmTC_b6325.dir\build.make CMakeFiles/cmTC_b6325.dir/build
mingw32-make.exe[1]: Entering directory 'C:/Users/allen/Documents/Github/Code/Problems/COCI/COCI '16 Contest 1 #6 VjeÜtica/cmake-build-debug/CMakeFiles/CMakeTmp'
Building C object CMakeFiles/cmTC_b6325.dir/testCCompiler.c.obj
C:\PROGRA~1\MINGW-~1\X86_64~1.0-P\mingw64\bin\gcc.exe    -o CMakeFiles\cmTC_b6325.dir\testCCompiler.c.obj   -c "C:\Users\allen\Documents\Github\Code\Problems\COCI\COCI '16 Contest 1 #6 Vje┼ítica\cmake-build-debug\CMakeFiles\CMakeTmp\testCCompiler.c"
gcc.exe: error: C:\Users\allen\Documents\Github\Code\Problems\COCI\COCI '16 Contest 1 #6 Vje┼ítica\cmake-build-debug\CMakeFiles\CMakeTmp\testCCompiler.c: No such file or directory
gcc.exe: fatal error: no input files
compilation terminated.
mingw32-make.exe[1]: *** [CMakeFiles\cmTC_b6325.dir\build.make:85: CMakeFiles/cmTC_b6325.dir/testCCompiler.c.obj] Error 1
mingw32-make.exe[1]: Leaving directory 'C:/Users/allen/Documents/Github/Code/Problems/COCI/COCI '16 Contest 1 #6 VjeÜtica/cmake-build-debug/CMakeFiles/CMakeTmp'
mingw32-make.exe: *** [Makefile:140: cmTC_b6325/fast] Error 2



