Detecting C [-std=c11] compiler features failed to compile with the following output:
Change Dir: C:/Users/allen/CLionProjects/COCI '07 Contest 3 #6 Redoks/cmake-build-debug/CMakeFiles/CMakeTmp

Run Build Command(s):C:/PROGRA~2/MINGW-~1/I686-8~1.0-P/mingw32/bin/mingw32-make.exe cmTC_afba6/fast 
C:/PROGRA~2/MINGW-~1/I686-8~1.0-P/mingw32/bin/mingw32-make.exe -f CMakeFiles\cmTC_afba6.dir\build.make CMakeFiles/cmTC_afba6.dir/build
mingw32-make.exe[1]: Entering directory 'C:/Users/allen/CLionProjects/COCI '07 Contest 3 #6 Redoks/cmake-build-debug/CMakeFiles/CMakeTmp'
mingw32-make.exe[1]: *** No rule to make target 'C:/Users/allen/CLionProjects/COCI '07 Contest 3\', needed by 'CMakeFiles/cmTC_afba6.dir/feature_tests.c.obj'.  Stop.
mingw32-make.exe[1]: Leaving directory 'C:/Users/allen/CLionProjects/COCI '07 Contest 3 #6 Redoks/cmake-build-debug/CMakeFiles/CMakeTmp'
mingw32-make.exe: *** [Makefile:120: cmTC_afba6/fast] Error 2



Detecting CXX [-std=c++2a] compiler features failed to compile with the following output:
Change Dir: C:/Users/allen/CLionProjects/COCI '07 Contest 3 #6 Redoks/cmake-build-debug/CMakeFiles/CMakeTmp

Run Build Command(s):C:/PROGRA~2/MINGW-~1/I686-8~1.0-P/mingw32/bin/mingw32-make.exe cmTC_9ac45/fast 
C:/PROGRA~2/MINGW-~1/I686-8~1.0-P/mingw32/bin/mingw32-make.exe -f CMakeFiles\cmTC_9ac45.dir\build.make CMakeFiles/cmTC_9ac45.dir/build
mingw32-make.exe[1]: Entering directory 'C:/Users/allen/CLionProjects/COCI '07 Contest 3 #6 Redoks/cmake-build-debug/CMakeFiles/CMakeTmp'
mingw32-make.exe[1]: *** No rule to make target 'C:/Users/allen/CLionProjects/COCI '07 Contest 3\', needed by 'CMakeFiles/cmTC_9ac45.dir/feature_tests.cxx.obj'.  Stop.
mingw32-make.exe[1]: Leaving directory 'C:/Users/allen/CLionProjects/COCI '07 Contest 3 #6 Redoks/cmake-build-debug/CMakeFiles/CMakeTmp'
mingw32-make.exe: *** [Makefile:120: cmTC_9ac45/fast] Error 2



