Detecting C [-std=c11] compiler features failed to compile with the following output:
Change Dir: C:/Users/allen/OneDrive/Documents/GitHub/Code/Problems/Codeforces/#628Div2/cmake-build-debug/CMakeFiles/CMakeTmp

Run Build Command(s):C:/MinGW/bin/mingw32-make.exe cmTC_26c9c/fast 
C:/MinGW/bin/mingw32-make.exe -f CMakeFiles\cmTC_26c9c.dir\build.make CMakeFiles/cmTC_26c9c.dir/build
mingw32-make.exe[1]: Entering directory 'C:/Users/allen/OneDrive/Documents/GitHub/Code/Problems/Codeforces/#628Div2/cmake-build-debug/CMakeFiles/CMakeTmp'
mingw32-make.exe[1]: Leaving directory 'C:/Users/allen/OneDrive/Documents/GitHub/Code/Problems/Codeforces/#628Div2/cmake-build-debug/CMakeFiles/CMakeTmp'
mingw32-make.exe[1]: *** No rule to make target 'C:/Users/allen/OneDrive/Documents/GitHub/Code/Problems/Codeforces/', needed by 'CMakeFiles/cmTC_26c9c.dir/feature_tests.c.obj'.  Stop.
Makefile:120: recipe for target 'cmTC_26c9c/fast' failed
mingw32-make.exe: *** [cmTC_26c9c/fast] Error 2



Detecting CXX [-std=c++1z] compiler features failed to compile with the following output:
Change Dir: C:/Users/allen/OneDrive/Documents/GitHub/Code/Problems/Codeforces/#628Div2/cmake-build-debug/CMakeFiles/CMakeTmp

Run Build Command(s):C:/MinGW/bin/mingw32-make.exe cmTC_a53fa/fast 
C:/MinGW/bin/mingw32-make.exe -f CMakeFiles\cmTC_a53fa.dir\build.make CMakeFiles/cmTC_a53fa.dir/build
mingw32-make.exe[1]: Entering directory 'C:/Users/allen/OneDrive/Documents/GitHub/Code/Problems/Codeforces/#628Div2/cmake-build-debug/CMakeFiles/CMakeTmp'
mingw32-make.exe[1]: Leaving directory 'C:/Users/allen/OneDrive/Documents/GitHub/Code/Problems/Codeforces/#628Div2/cmake-build-debug/CMakeFiles/CMakeTmp'
mingw32-make.exe[1]: *** No rule to make target 'C:/Users/allen/OneDrive/Documents/GitHub/Code/Problems/Codeforces/', needed by 'CMakeFiles/cmTC_a53fa.dir/feature_tests.cxx.obj'.  Stop.
Makefile:120: recipe for target 'cmTC_a53fa/fast' failed
mingw32-make.exe: *** [cmTC_a53fa/fast] Error 2



