Detecting C [-std=c11] compiler features failed to compile with the following output:
Change Dir: C:/Users/allen/Documents/Code/Problems/Codeforces/#614Div1/cmake-build-debug/CMakeFiles/CMakeTmp

Run Build Command(s):C:/PROGRA~2/MINGW-~1/I686-8~1.0-P/mingw32/bin/mingw32-make.exe cmTC_f517a/fast 
C:/PROGRA~2/MINGW-~1/I686-8~1.0-P/mingw32/bin/mingw32-make.exe -f CMakeFiles\cmTC_f517a.dir\build.make CMakeFiles/cmTC_f517a.dir/build
mingw32-make.exe[1]: Entering directory 'C:/Users/allen/Documents/Code/Problems/Codeforces/#614Div1/cmake-build-debug/CMakeFiles/CMakeTmp'
mingw32-make.exe[1]: *** No rule to make target 'C:/Users/allen/Documents/Code/Problems/Codeforces/', needed by 'CMakeFiles/cmTC_f517a.dir/feature_tests.c.obj'.  Stop.
mingw32-make.exe[1]: Leaving directory 'C:/Users/allen/Documents/Code/Problems/Codeforces/#614Div1/cmake-build-debug/CMakeFiles/CMakeTmp'
mingw32-make.exe: *** [Makefile:120: cmTC_f517a/fast] Error 2



Detecting CXX [-std=c++2a] compiler features failed to compile with the following output:
Change Dir: C:/Users/allen/Documents/Code/Problems/Codeforces/#614Div1/cmake-build-debug/CMakeFiles/CMakeTmp

Run Build Command(s):C:/PROGRA~2/MINGW-~1/I686-8~1.0-P/mingw32/bin/mingw32-make.exe cmTC_8c7fe/fast 
C:/PROGRA~2/MINGW-~1/I686-8~1.0-P/mingw32/bin/mingw32-make.exe -f CMakeFiles\cmTC_8c7fe.dir\build.make CMakeFiles/cmTC_8c7fe.dir/build
mingw32-make.exe[1]: Entering directory 'C:/Users/allen/Documents/Code/Problems/Codeforces/#614Div1/cmake-build-debug/CMakeFiles/CMakeTmp'
mingw32-make.exe[1]: *** No rule to make target 'C:/Users/allen/Documents/Code/Problems/Codeforces/', needed by 'CMakeFiles/cmTC_8c7fe.dir/feature_tests.cxx.obj'.  Stop.
mingw32-make.exe[1]: Leaving directory 'C:/Users/allen/Documents/Code/Problems/Codeforces/#614Div1/cmake-build-debug/CMakeFiles/CMakeTmp'
mingw32-make.exe: *** [Makefile:120: cmTC_8c7fe/fast] Error 2



