Detecting C [-std=c11] compiler features failed to compile with the following output:
Change Dir: C:/Users/allen/OneDrive/Documents/GitHub/Code/Problems/COCI/COCI '17 Contest 2 #5 Usmjeri/cmake-build-debug/CMakeFiles/CMakeTmp

Run Build Command(s):C:/MinGW/bin/mingw32-make.exe cmTC_7b266/fast 
C:/MinGW/bin/mingw32-make.exe -f CMakeFiles\cmTC_7b266.dir\build.make CMakeFiles/cmTC_7b266.dir/build
mingw32-make.exe[1]: Entering directory 'C:/Users/allen/OneDrive/Documents/GitHub/Code/Problems/COCI/COCI '17 Contest 2 #5 Usmjeri/cmake-build-debug/CMakeFiles/CMakeTmp'
mingw32-make.exe[1]: Leaving directory 'C:/Users/allen/OneDrive/Documents/GitHub/Code/Problems/COCI/COCI '17 Contest 2 #5 Usmjeri/cmake-build-debug/CMakeFiles/CMakeTmp'
mingw32-make.exe[1]: *** No rule to make target 'C:/Users/allen/OneDrive/Documents/GitHub/Code/Problems/COCI/COCI '17 Contest 2\', needed by 'CMakeFiles/cmTC_7b266.dir/feature_tests.c.obj'.  Stop.
Makefile:120: recipe for target 'cmTC_7b266/fast' failed
mingw32-make.exe: *** [cmTC_7b266/fast] Error 2



Detecting CXX [-std=c++1z] compiler features failed to compile with the following output:
Change Dir: C:/Users/allen/OneDrive/Documents/GitHub/Code/Problems/COCI/COCI '17 Contest 2 #5 Usmjeri/cmake-build-debug/CMakeFiles/CMakeTmp

Run Build Command(s):C:/MinGW/bin/mingw32-make.exe cmTC_87212/fast 
C:/MinGW/bin/mingw32-make.exe -f CMakeFiles\cmTC_87212.dir\build.make CMakeFiles/cmTC_87212.dir/build
mingw32-make.exe[1]: Entering directory 'C:/Users/allen/OneDrive/Documents/GitHub/Code/Problems/COCI/COCI '17 Contest 2 #5 Usmjeri/cmake-build-debug/CMakeFiles/CMakeTmp'
mingw32-make.exe[1]: Leaving directory 'C:/Users/allen/OneDrive/Documents/GitHub/Code/Problems/COCI/COCI '17 Contest 2 #5 Usmjeri/cmake-build-debug/CMakeFiles/CMakeTmp'
mingw32-make.exe[1]: *** No rule to make target 'C:/Users/allen/OneDrive/Documents/GitHub/Code/Problems/COCI/COCI '17 Contest 2\', needed by 'CMakeFiles/cmTC_87212.dir/feature_tests.cxx.obj'.  Stop.
Makefile:120: recipe for target 'cmTC_87212/fast' failed
mingw32-make.exe: *** [cmTC_87212/fast] Error 2



