Detecting C [-std=c11] compiler features failed to compile with the following output:
Change Dir: C:/Users/allen/CLionProjects/#568Div2P1/cmake-build-debug/CMakeFiles/CMakeTmp

Run Build Command(s):C:/MinGW/bin/mingw32-make.exe cmTC_aabce/fast 
C:/MinGW/bin/mingw32-make.exe -f CMakeFiles\cmTC_aabce.dir\build.make CMakeFiles/cmTC_aabce.dir/build
mingw32-make.exe[1]: Entering directory 'C:/Users/allen/CLionProjects/#568Div2P1/cmake-build-debug/CMakeFiles/CMakeTmp'
mingw32-make.exe[1]: Leaving directory 'C:/Users/allen/CLionProjects/#568Div2P1/cmake-build-debug/CMakeFiles/CMakeTmp'
mingw32-make.exe[1]: *** No rule to make target 'C:/Users/allen/CLionProjects/', needed by 'CMakeFiles/cmTC_aabce.dir/feature_tests.c.obj'.  Stop.
Makefile:120: recipe for target 'cmTC_aabce/fast' failed
mingw32-make.exe: *** [cmTC_aabce/fast] Error 2



Detecting CXX [-std=c++1z] compiler features failed to compile with the following output:
Change Dir: C:/Users/allen/CLionProjects/#568Div2P1/cmake-build-debug/CMakeFiles/CMakeTmp

Run Build Command(s):C:/MinGW/bin/mingw32-make.exe cmTC_d1d8b/fast 
C:/MinGW/bin/mingw32-make.exe -f CMakeFiles\cmTC_d1d8b.dir\build.make CMakeFiles/cmTC_d1d8b.dir/build
mingw32-make.exe[1]: Entering directory 'C:/Users/allen/CLionProjects/#568Div2P1/cmake-build-debug/CMakeFiles/CMakeTmp'
mingw32-make.exe[1]: Leaving directory 'C:/Users/allen/CLionProjects/#568Div2P1/cmake-build-debug/CMakeFiles/CMakeTmp'
mingw32-make.exe[1]: *** No rule to make target 'C:/Users/allen/CLionProjects/', needed by 'CMakeFiles/cmTC_d1d8b.dir/feature_tests.cxx.obj'.  Stop.
Makefile:120: recipe for target 'cmTC_d1d8b/fast' failed
mingw32-make.exe: *** [cmTC_d1d8b/fast] Error 2



