Detecting C [-std=c11] compiler features failed to compile with the following output:
Change Dir: C:/Users/allen/OneDrive/Documents/GitHub/Code/Problems/COCI/COCI '19 Contest 3 #4 Lampice/cmake-build-debug/CMakeFiles/CMakeTmp

Run Build Command(s):C:/MinGW/bin/mingw32-make.exe cmTC_42969/fast 
C:/MinGW/bin/mingw32-make.exe -f CMakeFiles\cmTC_42969.dir\build.make CMakeFiles/cmTC_42969.dir/build
mingw32-make.exe[1]: Entering directory 'C:/Users/allen/OneDrive/Documents/GitHub/Code/Problems/COCI/COCI '19 Contest 3 #4 Lampice/cmake-build-debug/CMakeFiles/CMakeTmp'
mingw32-make.exe[1]: Leaving directory 'C:/Users/allen/OneDrive/Documents/GitHub/Code/Problems/COCI/COCI '19 Contest 3 #4 Lampice/cmake-build-debug/CMakeFiles/CMakeTmp'
mingw32-make.exe[1]: *** No rule to make target 'C:/Users/allen/OneDrive/Documents/GitHub/Code/Problems/COCI/COCI '19 Contest 3\', needed by 'CMakeFiles/cmTC_42969.dir/feature_tests.c.obj'.  Stop.
Makefile:120: recipe for target 'cmTC_42969/fast' failed
mingw32-make.exe: *** [cmTC_42969/fast] Error 2



Detecting CXX [-std=c++1z] compiler features failed to compile with the following output:
Change Dir: C:/Users/allen/OneDrive/Documents/GitHub/Code/Problems/COCI/COCI '19 Contest 3 #4 Lampice/cmake-build-debug/CMakeFiles/CMakeTmp

Run Build Command(s):C:/MinGW/bin/mingw32-make.exe cmTC_1fa7d/fast 
C:/MinGW/bin/mingw32-make.exe -f CMakeFiles\cmTC_1fa7d.dir\build.make CMakeFiles/cmTC_1fa7d.dir/build
mingw32-make.exe[1]: Entering directory 'C:/Users/allen/OneDrive/Documents/GitHub/Code/Problems/COCI/COCI '19 Contest 3 #4 Lampice/cmake-build-debug/CMakeFiles/CMakeTmp'
mingw32-make.exe[1]: Leaving directory 'C:/Users/allen/OneDrive/Documents/GitHub/Code/Problems/COCI/COCI '19 Contest 3 #4 Lampice/cmake-build-debug/CMakeFiles/CMakeTmp'
mingw32-make.exe[1]: *** No rule to make target 'C:/Users/allen/OneDrive/Documents/GitHub/Code/Problems/COCI/COCI '19 Contest 3\', needed by 'CMakeFiles/cmTC_1fa7d.dir/feature_tests.cxx.obj'.  Stop.
Makefile:120: recipe for target 'cmTC_1fa7d/fast' failed
mingw32-make.exe: *** [cmTC_1fa7d/fast] Error 2



