Detecting C [-std=c11] compiler features failed to compile with the following output:
Change Dir: /Users/allen/Documents/GitHub/Code/Problems/COCI/COCI '06 Contest 5 #6 Dvaput/cmake-build-debug/CMakeFiles/CMakeTmp

Run Build Command(s):/usr/bin/make cmTC_85ed3/fast 
/Library/Developer/CommandLineTools/usr/bin/make -f CMakeFiles/cmTC_85ed3.dir/build.make CMakeFiles/cmTC_85ed3.dir/build
make[1]: *** No rule to make target `/Users/allen/Documents/GitHub/Code/Problems/COCI/COCI '06 Contest 5\', needed by `CMakeFiles/cmTC_85ed3.dir/feature_tests.c.o'.  Stop.
make: *** [cmTC_85ed3/fast] Error 2



Detecting CXX [-std=c++1z] compiler features failed to compile with the following output:
Change Dir: /Users/allen/Documents/GitHub/Code/Problems/COCI/COCI '06 Contest 5 #6 Dvaput/cmake-build-debug/CMakeFiles/CMakeTmp

Run Build Command(s):/usr/bin/make cmTC_727bf/fast 
/Library/Developer/CommandLineTools/usr/bin/make -f CMakeFiles/cmTC_727bf.dir/build.make CMakeFiles/cmTC_727bf.dir/build
make[1]: *** No rule to make target `/Users/allen/Documents/GitHub/Code/Problems/COCI/COCI '06 Contest 5\', needed by `CMakeFiles/cmTC_727bf.dir/feature_tests.cxx.o'.  Stop.
make: *** [cmTC_727bf/fast] Error 2



