Detecting C [-std=c11] compiler features failed to compile with the following output:
Change Dir: C:/Users/allen/OneDrive/Documents/GitHub/Code/Problems/DWITE/DWITE '09 R7 #5 - Snapper Chain/cmake-build-debug/CMakeFiles/CMakeTmp

Run Build Command(s):C:/MinGW/bin/mingw32-make.exe cmTC_ab769/fast 
C:/MinGW/bin/mingw32-make.exe -f CMakeFiles\cmTC_ab769.dir\build.make CMakeFiles/cmTC_ab769.dir/build
mingw32-make.exe[1]: Entering directory 'C:/Users/allen/OneDrive/Documents/GitHub/Code/Problems/DWITE/DWITE '09 R7 #5 - Snapper Chain/cmake-build-debug/CMakeFiles/CMakeTmp'
mingw32-make.exe[1]: Leaving directory 'C:/Users/allen/OneDrive/Documents/GitHub/Code/Problems/DWITE/DWITE '09 R7 #5 - Snapper Chain/cmake-build-debug/CMakeFiles/CMakeTmp'
mingw32-make.exe[1]: *** No rule to make target 'C:/Users/allen/OneDrive/Documents/GitHub/Code/Problems/DWITE/DWITE '09 R7\', needed by 'CMakeFiles/cmTC_ab769.dir/feature_tests.c.obj'.  Stop.
Makefile:120: recipe for target 'cmTC_ab769/fast' failed
mingw32-make.exe: *** [cmTC_ab769/fast] Error 2



Detecting CXX [-std=c++1z] compiler features failed to compile with the following output:
Change Dir: C:/Users/allen/OneDrive/Documents/GitHub/Code/Problems/DWITE/DWITE '09 R7 #5 - Snapper Chain/cmake-build-debug/CMakeFiles/CMakeTmp

Run Build Command(s):C:/MinGW/bin/mingw32-make.exe cmTC_de09f/fast 
C:/MinGW/bin/mingw32-make.exe -f CMakeFiles\cmTC_de09f.dir\build.make CMakeFiles/cmTC_de09f.dir/build
mingw32-make.exe[1]: Entering directory 'C:/Users/allen/OneDrive/Documents/GitHub/Code/Problems/DWITE/DWITE '09 R7 #5 - Snapper Chain/cmake-build-debug/CMakeFiles/CMakeTmp'
mingw32-make.exe[1]: Leaving directory 'C:/Users/allen/OneDrive/Documents/GitHub/Code/Problems/DWITE/DWITE '09 R7 #5 - Snapper Chain/cmake-build-debug/CMakeFiles/CMakeTmp'
mingw32-make.exe[1]: *** No rule to make target 'C:/Users/allen/OneDrive/Documents/GitHub/Code/Problems/DWITE/DWITE '09 R7\', needed by 'CMakeFiles/cmTC_de09f.dir/feature_tests.cxx.obj'.  Stop.
Makefile:120: recipe for target 'cmTC_de09f/fast' failed
mingw32-make.exe: *** [cmTC_de09f/fast] Error 2



